27-Apr-26 20:16:03 | gmb - INFO - Start getting GMB route
27-Apr-26 21:01:10 | gmb - ERROR - Other error occurred: Client error '403 Forbidden' for url 'https://data.etagmb.gov.hk/stop/20012420'
For more information check: https://developer.mozilla.org/en-US/docs/Web/HTTP/Status/403
27-Apr-26 21:01:10 | gmb - ERROR - Client error '403 Forbidden' for url 'https://data.etagmb.gov.hk/stop/20012420'
For more information check: https://developer.mozilla.org/en-US/docs/Web/HTTP/Status/403
Traceback (most recent call last):
  File "/home/runner/work/BusData/BusData/action/GMB_Route.py", line 171, in main
    gmbStopLoc += await asyncio.gather(*tasks)
                  ^^^^^^^^^^^^^^^^^^^^^^^^^^^^
  File "/home/runner/work/BusData/BusData/action/GMB_Route.py", line 164, in limited_getStopLoc
    return await getStopLoc(client, s)
           ^^^^^^^^^^^^^^^^^^^^^^^^^^^
  File "/home/runner/work/BusData/BusData/action/GMB_Route.py", line 69, in getStopLoc
    stopLocResponse = await GetRoute.async_get_with_retry(client, stopLocUrl)
                      ^^^^^^^^^^^^^^^^^^^^^^^^^^^^^^^^^^^^^^^^^^^^^^^^^^^^^^^
  File "/home/runner/work/BusData/BusData/action/GetRoute.py", line 68, in async_get_with_retry
    raise e
  File "/home/runner/work/BusData/BusData/action/GetRoute.py", line 60, in async_get_with_retry
    response.raise_for_status()
    ~~~~~~~~~~~~~~~~~~~~~~~~~^^
  File "/opt/hostedtoolcache/Python/3.13.13/x64/lib/python3.13/site-packages/httpx/_models.py", line 829, in raise_for_status
    raise HTTPStatusError(message, request=request, response=self)
httpx.HTTPStatusError: Client error '403 Forbidden' for url 'https://data.etagmb.gov.hk/stop/20012420'
For more information check: https://developer.mozilla.org/en-US/docs/Web/HTTP/Status/403
