19-Aug-23 08:40:47 | root - INFO - Start getting KMB routes
19-Aug-23 08:40:59 | httpx - INFO - HTTP Request: GET https://data.etabus.gov.hk/v1/transport/kmb/route-stop/2X/outbound/1 "HTTP/1.1 200 OK"
19-Aug-23 08:40:59 | httpx - INFO - HTTP Request: GET https://data.etabus.gov.hk/v1/transport/kmb/route-stop/3S/outbound/1 "HTTP/1.1 503 Service Unavailable"
19-Aug-23 08:40:59 | httpx - INFO - HTTP Request: GET https://data.etabus.gov.hk/v1/transport/kmb/route-stop/2D/inbound/1 "HTTP/1.1 200 OK"
19-Aug-23 08:40:59 | httpx - INFO - HTTP Request: GET https://data.etabus.gov.hk/v1/transport/kmb/route-stop/2A/outbound/1 "HTTP/1.1 200 OK"
19-Aug-23 08:40:59 | httpx - INFO - HTTP Request: GET https://data.etabus.gov.hk/v1/transport/kmb/route-stop/1/inbound/1 "HTTP/1.1 200 OK"
19-Aug-23 08:40:59 | httpx - INFO - HTTP Request: GET https://data.etabus.gov.hk/v1/transport/kmb/route-stop/2P/outbound/1 "HTTP/1.1 200 OK"
19-Aug-23 08:40:59 | httpx - INFO - HTTP Request: GET https://data.etabus.gov.hk/v1/transport/kmb/route-stop/1A/outbound/1 "HTTP/1.1 200 OK"
19-Aug-23 08:40:59 | httpx - INFO - HTTP Request: GET https://data.etabus.gov.hk/v1/transport/kmb/route-stop/3B/inbound/2 "HTTP/1.1 200 OK"
19-Aug-23 08:40:59 | httpx - INFO - HTTP Request: GET https://data.etabus.gov.hk/v1/transport/kmb/route-stop/2X/inbound/1 "HTTP/1.1 200 OK"
19-Aug-23 08:40:59 | httpx - INFO - HTTP Request: GET https://data.etabus.gov.hk/v1/transport/kmb/route-stop/2F/inbound/1 "HTTP/1.1 200 OK"
19-Aug-23 08:40:59 | httpx - INFO - HTTP Request: GET https://data.etabus.gov.hk/v1/transport/kmb/route-stop/2D/outbound/1 "HTTP/1.1 200 OK"
19-Aug-23 08:40:59 | httpx - INFO - HTTP Request: GET https://data.etabus.gov.hk/v1/transport/kmb/route-stop/1/outbound/1 "HTTP/1.1 200 OK"
19-Aug-23 08:40:59 | httpx - INFO - HTTP Request: GET https://data.etabus.gov.hk/v1/transport/kmb/route-stop/2B/outbound/1 "HTTP/1.1 200 OK"
19-Aug-23 08:40:59 | httpx - INFO - HTTP Request: GET https://data.etabus.gov.hk/v1/transport/kmb/route-stop/2E/outbound/1 "HTTP/1.1 200 OK"
19-Aug-23 08:40:59 | httpx - INFO - HTTP Request: GET https://data.etabus.gov.hk/v1/transport/kmb/route-stop/13D/inbound/1 "HTTP/1.1 200 OK"
19-Aug-23 08:40:59 | httpx - INFO - HTTP Request: GET https://data.etabus.gov.hk/v1/transport/kmb/route-stop/8/inbound/1 "HTTP/1.1 503 Service Unavailable"
19-Aug-23 08:40:59 | httpx - INFO - HTTP Request: GET https://data.etabus.gov.hk/v1/transport/kmb/route-stop/3D/outbound/3 "HTTP/1.1 200 OK"
19-Aug-23 08:40:59 | httpx - INFO - HTTP Request: GET https://data.etabus.gov.hk/v1/transport/kmb/route-stop/3C/outbound/1 "HTTP/1.1 200 OK"
19-Aug-23 08:40:59 | httpx - INFO - HTTP Request: GET https://data.etabus.gov.hk/v1/transport/kmb/route-stop/3D/inbound/2 "HTTP/1.1 200 OK"
19-Aug-23 08:40:59 | httpx - INFO - HTTP Request: GET https://data.etabus.gov.hk/v1/transport/kmb/route-stop/3C/inbound/1 "HTTP/1.1 200 OK"
19-Aug-23 08:40:59 | httpx - INFO - HTTP Request: GET https://data.etabus.gov.hk/v1/transport/kmb/route-stop/3M/inbound/2 "HTTP/1.1 200 OK"
19-Aug-23 08:40:59 | httpx - INFO - HTTP Request: GET https://data.etabus.gov.hk/v1/transport/kmb/route-stop/3D/outbound/1 "HTTP/1.1 200 OK"
19-Aug-23 08:40:59 | httpx - INFO - HTTP Request: GET https://data.etabus.gov.hk/v1/transport/kmb/route-stop/3D/outbound/2 "HTTP/1.1 200 OK"
19-Aug-23 08:40:59 | httpx - INFO - HTTP Request: GET https://data.etabus.gov.hk/v1/transport/kmb/route-stop/3M/inbound/1 "HTTP/1.1 200 OK"
19-Aug-23 08:40:59 | httpx - INFO - HTTP Request: GET https://data.etabus.gov.hk/v1/transport/kmb/route-stop/5A/outbound/1 "HTTP/1.1 200 OK"
19-Aug-23 08:40:59 | httpx - INFO - HTTP Request: GET https://data.etabus.gov.hk/v1/transport/kmb/route-stop/3M/outbound/1 "HTTP/1.1 200 OK"
19-Aug-23 08:40:59 | httpx - INFO - HTTP Request: GET https://data.etabus.gov.hk/v1/transport/kmb/route-stop/3X/outbound/2 "HTTP/1.1 200 OK"
19-Aug-23 08:41:00 | httpx - INFO - HTTP Request: GET https://data.etabus.gov.hk/v1/transport/kmb/route-stop/5A/inbound/1 "HTTP/1.1 200 OK"
19-Aug-23 08:41:00 | httpx - INFO - HTTP Request: GET https://data.etabus.gov.hk/v1/transport/kmb/route-stop/5/inbound/1 "HTTP/1.1 200 OK"
19-Aug-23 08:41:00 | httpx - INFO - HTTP Request: GET https://data.etabus.gov.hk/v1/transport/kmb/route-stop/3X/inbound/1 "HTTP/1.1 200 OK"
19-Aug-23 08:41:00 | httpx - INFO - HTTP Request: GET https://data.etabus.gov.hk/v1/transport/kmb/route-stop/5C/outbound/2 "HTTP/1.1 200 OK"
19-Aug-23 08:41:00 | httpx - INFO - HTTP Request: GET https://data.etabus.gov.hk/v1/transport/kmb/route-stop/5C/outbound/1 "HTTP/1.1 200 OK"
19-Aug-23 08:41:00 | httpx - INFO - HTTP Request: GET https://data.etabus.gov.hk/v1/transport/kmb/route-stop/3X/outbound/1 "HTTP/1.1 200 OK"
19-Aug-23 08:41:00 | httpx - INFO - HTTP Request: GET https://data.etabus.gov.hk/v1/transport/kmb/route-stop/5C/inbound/1 "HTTP/1.1 200 OK"
19-Aug-23 08:41:00 | httpx - INFO - HTTP Request: GET https://data.etabus.gov.hk/v1/transport/kmb/route-stop/5M/outbound/1 "HTTP/1.1 200 OK"
19-Aug-23 08:41:00 | httpx - INFO - HTTP Request: GET https://data.etabus.gov.hk/v1/transport/kmb/route-stop/5/outbound/1 "HTTP/1.1 200 OK"
19-Aug-23 08:41:00 | httpx - INFO - HTTP Request: GET https://data.etabus.gov.hk/v1/transport/kmb/route-stop/11B/inbound/1 "HTTP/1.1 503 Service Unavailable"
19-Aug-23 08:41:00 | httpx - INFO - HTTP Request: GET https://data.etabus.gov.hk/v1/transport/kmb/route-stop/5X/outbound/1 "HTTP/1.1 200 OK"
19-Aug-23 08:41:00 | httpx - INFO - HTTP Request: GET https://data.etabus.gov.hk/v1/transport/kmb/route-stop/5R/outbound/1 "HTTP/1.1 200 OK"
19-Aug-23 08:41:00 | httpx - INFO - HTTP Request: GET https://data.etabus.gov.hk/v1/transport/kmb/route-stop/9/outbound/1 "HTTP/1.1 200 OK"
19-Aug-23 08:41:00 | httpx - INFO - HTTP Request: GET https://data.etabus.gov.hk/v1/transport/kmb/route-stop/5P/outbound/1 "HTTP/1.1 200 OK"
19-Aug-23 08:41:00 | httpx - INFO - HTTP Request: GET https://data.etabus.gov.hk/v1/transport/kmb/route-stop/5C/inbound/2 "HTTP/1.1 200 OK"
19-Aug-23 08:41:00 | httpx - INFO - HTTP Request: GET https://data.etabus.gov.hk/v1/transport/kmb/route-stop/5X/inbound/1 "HTTP/1.1 200 OK"
19-Aug-23 08:41:00 | httpx - INFO - HTTP Request: GET https://data.etabus.gov.hk/v1/transport/kmb/route-stop/5P/inbound/1 "HTTP/1.1 200 OK"
19-Aug-23 08:41:00 | httpx - INFO - HTTP Request: GET https://data.etabus.gov.hk/v1/transport/kmb/route-stop/5R/outbound/2 "HTTP/1.1 200 OK"
19-Aug-23 08:41:00 | httpx - INFO - HTTP Request: GET https://data.etabus.gov.hk/v1/transport/kmb/route-stop/6C/outbound/1 "HTTP/1.1 200 OK"
19-Aug-23 08:41:00 | httpx - INFO - HTTP Request: GET https://data.etabus.gov.hk/v1/transport/kmb/route-stop/5D/outbound/1 "HTTP/1.1 200 OK"
19-Aug-23 08:41:00 | httpx - INFO - HTTP Request: GET https://data.etabus.gov.hk/v1/transport/kmb/route-stop/5R/outbound/3 "HTTP/1.1 200 OK"
19-Aug-23 08:41:00 | httpx - INFO - HTTP Request: GET https://data.etabus.gov.hk/v1/transport/kmb/route-stop/6F/inbound/1 "HTTP/1.1 200 OK"
19-Aug-23 08:41:00 | httpx - INFO - HTTP Request: GET https://data.etabus.gov.hk/v1/transport/kmb/route-stop/6/inbound/1 "HTTP/1.1 200 OK"
19-Aug-23 08:41:00 | httpx - INFO - HTTP Request: GET https://data.etabus.gov.hk/v1/transport/kmb/route-stop/6P/inbound/1 "HTTP/1.1 200 OK"
19-Aug-23 08:41:00 | httpx - INFO - HTTP Request: GET https://data.etabus.gov.hk/v1/transport/kmb/route-stop/6P/outbound/1 "HTTP/1.1 200 OK"
19-Aug-23 08:41:00 | httpx - INFO - HTTP Request: GET https://data.etabus.gov.hk/v1/transport/kmb/route-stop/6/outbound/1 "HTTP/1.1 200 OK"
19-Aug-23 08:41:00 | httpx - INFO - HTTP Request: GET https://data.etabus.gov.hk/v1/transport/kmb/route-stop/2/outbound/1 "HTTP/1.1 200 OK"
19-Aug-23 08:41:00 | httpx - INFO - HTTP Request: GET https://data.etabus.gov.hk/v1/transport/kmb/route-stop/6C/inbound/1 "HTTP/1.1 200 OK"
19-Aug-23 08:41:00 | httpx - INFO - HTTP Request: GET https://data.etabus.gov.hk/v1/transport/kmb/route-stop/6R/outbound/1 "HTTP/1.1 200 OK"
19-Aug-23 08:41:00 | httpx - INFO - HTTP Request: GET https://data.etabus.gov.hk/v1/transport/kmb/route-stop/8P/outbound/1 "HTTP/1.1 200 OK"
19-Aug-23 08:41:00 | httpx - INFO - HTTP Request: GET https://data.etabus.gov.hk/v1/transport/kmb/route-stop/6F/outbound/1 "HTTP/1.1 200 OK"
19-Aug-23 08:41:00 | httpx - INFO - HTTP Request: GET https://data.etabus.gov.hk/v1/transport/kmb/route-stop/12A/inbound/1 "HTTP/1.1 200 OK"
19-Aug-23 08:41:00 | httpx - INFO - HTTP Request: GET https://data.etabus.gov.hk/v1/transport/kmb/route-stop/7/inbound/1 "HTTP/1.1 200 OK"
19-Aug-23 08:41:00 | httpx - INFO - HTTP Request: GET https://data.etabus.gov.hk/v1/transport/kmb/route-stop/1A/inbound/1 "HTTP/1.1 200 OK"
19-Aug-23 08:41:00 | httpx - INFO - HTTP Request: GET https://data.etabus.gov.hk/v1/transport/kmb/route-stop/7B/inbound/1 "HTTP/1.1 200 OK"
19-Aug-23 08:41:00 | httpx - INFO - HTTP Request: GET https://data.etabus.gov.hk/v1/transport/kmb/route-stop/3B/outbound/1 "HTTP/1.1 200 OK"
19-Aug-23 08:41:00 | httpx - INFO - HTTP Request: GET https://data.etabus.gov.hk/v1/transport/kmb/route-stop/6X/outbound/1 "HTTP/1.1 200 OK"
19-Aug-23 08:41:00 | httpx - INFO - HTTP Request: GET https://data.etabus.gov.hk/v1/transport/kmb/route-stop/2B/inbound/1 "HTTP/1.1 200 OK"
19-Aug-23 08:41:00 | httpx - INFO - HTTP Request: GET https://data.etabus.gov.hk/v1/transport/kmb/route-stop/2E/inbound/1 "HTTP/1.1 200 OK"
19-Aug-23 08:41:00 | httpx - INFO - HTTP Request: GET https://data.etabus.gov.hk/v1/transport/kmb/route-stop/2/inbound/1 "HTTP/1.1 200 OK"
19-Aug-23 08:41:00 | httpx - INFO - HTTP Request: GET https://data.etabus.gov.hk/v1/transport/kmb/route-stop/7B/outbound/1 "HTTP/1.1 200 OK"
19-Aug-23 08:41:00 | httpx - INFO - HTTP Request: GET https://data.etabus.gov.hk/v1/transport/kmb/route-stop/3D/inbound/1 "HTTP/1.1 200 OK"
19-Aug-23 08:41:00 | root - ERROR - Other error occurred: Expecting value: line 1 column 1 (char 0)
19-Aug-23 08:41:00 | root - ERROR - Expecting value: line 1 column 1 (char 0)
Traceback (most recent call last):
  File "/home/runner/work/BusData/BusData/action/KMB_Route.py", line 97, in main
    newRouteList += await asyncio.gather(*tasks)
                    ^^^^^^^^^^^^^^^^^^^^^^^^^^^^
  File "/home/runner/work/BusData/BusData/action/KMB_Route.py", line 45, in getStopList
    stopListObject = stopListResponse.json()
                     ^^^^^^^^^^^^^^^^^^^^^^^
  File "/opt/hostedtoolcache/Python/3.11.4/x64/lib/python3.11/site-packages/httpx/_models.py", line 755, in json
    return jsonlib.loads(self.content.decode(encoding), **kwargs)
           ^^^^^^^^^^^^^^^^^^^^^^^^^^^^^^^^^^^^^^^^^^^^^^^^^^^^^^
  File "/opt/hostedtoolcache/Python/3.11.4/x64/lib/python3.11/json/__init__.py", line 346, in loads
    return _default_decoder.decode(s)
           ^^^^^^^^^^^^^^^^^^^^^^^^^^
  File "/opt/hostedtoolcache/Python/3.11.4/x64/lib/python3.11/json/decoder.py", line 337, in decode
    obj, end = self.raw_decode(s, idx=_w(s, 0).end())
               ^^^^^^^^^^^^^^^^^^^^^^^^^^^^^^^^^^^^^^
  File "/opt/hostedtoolcache/Python/3.11.4/x64/lib/python3.11/json/decoder.py", line 355, in raw_decode
    raise JSONDecodeError("Expecting value", s, err.value) from None
json.decoder.JSONDecodeError: Expecting value: line 1 column 1 (char 0)
