23-Jun-24 19:08:24 | root - INFO - Start getting NLB routes
23-Jun-24 19:08:28 | httpx - INFO - HTTP Request: GET https://rt.data.gov.hk/v2/transport/nlb/stop.php?action=list&routeId=5 "HTTP/1.1 200 OK"
23-Jun-24 19:08:30 | httpx - INFO - HTTP Request: GET https://rt.data.gov.hk/v2/transport/nlb/stop.php?action=list&routeId=80 "HTTP/1.1 200 OK"
23-Jun-24 19:08:30 | httpx - INFO - HTTP Request: GET https://rt.data.gov.hk/v2/transport/nlb/stop.php?action=list&routeId=13 "HTTP/1.1 200 OK"
23-Jun-24 19:08:30 | httpx - INFO - HTTP Request: GET https://rt.data.gov.hk/v2/transport/nlb/stop.php?action=list&routeId=29 "HTTP/1.1 200 OK"
23-Jun-24 19:08:30 | httpx - INFO - HTTP Request: GET https://rt.data.gov.hk/v2/transport/nlb/stop.php?action=list&routeId=15 "HTTP/1.1 200 OK"
23-Jun-24 19:08:30 | httpx - INFO - HTTP Request: GET https://rt.data.gov.hk/v2/transport/nlb/stop.php?action=list&routeId=35 "HTTP/1.1 200 OK"
23-Jun-24 19:08:30 | httpx - INFO - HTTP Request: GET https://rt.data.gov.hk/v2/transport/nlb/stop.php?action=list&routeId=8 "HTTP/1.1 200 OK"
23-Jun-24 19:08:30 | httpx - INFO - HTTP Request: GET https://rt.data.gov.hk/v2/transport/nlb/stop.php?action=list&routeId=22 "HTTP/1.1 200 OK"
23-Jun-24 19:08:30 | httpx - INFO - HTTP Request: GET https://rt.data.gov.hk/v2/transport/nlb/stop.php?action=list&routeId=21 "HTTP/1.1 200 OK"
23-Jun-24 19:08:30 | httpx - INFO - HTTP Request: GET https://rt.data.gov.hk/v2/transport/nlb/stop.php?action=list&routeId=23 "HTTP/1.1 200 OK"
23-Jun-24 19:08:30 | httpx - INFO - HTTP Request: GET https://rt.data.gov.hk/v2/transport/nlb/stop.php?action=list&routeId=70 "HTTP/1.1 200 OK"
23-Jun-24 19:08:30 | httpx - INFO - HTTP Request: GET https://rt.data.gov.hk/v2/transport/nlb/stop.php?action=list&routeId=110 "HTTP/1.1 200 OK"
23-Jun-24 19:08:30 | httpx - INFO - HTTP Request: GET https://rt.data.gov.hk/v2/transport/nlb/stop.php?action=list&routeId=36 "HTTP/1.1 200 OK"
23-Jun-24 19:08:30 | httpx - INFO - HTTP Request: GET https://rt.data.gov.hk/v2/transport/nlb/stop.php?action=list&routeId=16 "HTTP/1.1 200 OK"
23-Jun-24 19:08:30 | httpx - INFO - HTTP Request: GET https://rt.data.gov.hk/v2/transport/nlb/stop.php?action=list&routeId=104 "HTTP/1.1 200 OK"
23-Jun-24 19:08:30 | httpx - INFO - HTTP Request: GET https://rt.data.gov.hk/v2/transport/nlb/stop.php?action=list&routeId=12 "HTTP/1.1 200 OK"
23-Jun-24 19:08:31 | httpx - INFO - HTTP Request: GET https://rt.data.gov.hk/v2/transport/nlb/stop.php?action=list&routeId=37 "HTTP/1.1 200 OK"
23-Jun-24 19:08:31 | httpx - INFO - HTTP Request: GET https://rt.data.gov.hk/v2/transport/nlb/stop.php?action=list&routeId=34 "HTTP/1.1 200 OK"
23-Jun-24 19:08:31 | httpx - INFO - HTTP Request: GET https://rt.data.gov.hk/v2/transport/nlb/stop.php?action=list&routeId=88 "HTTP/1.1 200 OK"
23-Jun-24 19:08:31 | httpx - INFO - HTTP Request: GET https://rt.data.gov.hk/v2/transport/nlb/stop.php?action=list&routeId=30 "HTTP/1.1 200 OK"
23-Jun-24 19:08:31 | httpx - INFO - HTTP Request: GET https://rt.data.gov.hk/v2/transport/nlb/stop.php?action=list&routeId=11 "HTTP/1.1 200 OK"
23-Jun-24 19:08:31 | httpx - INFO - HTTP Request: GET https://rt.data.gov.hk/v2/transport/nlb/stop.php?action=list&routeId=108 "HTTP/1.1 200 OK"
23-Jun-24 19:08:31 | httpx - INFO - HTTP Request: GET https://rt.data.gov.hk/v2/transport/nlb/stop.php?action=list&routeId=101 "HTTP/1.1 200 OK"
23-Jun-24 19:08:31 | httpx - INFO - HTTP Request: GET https://rt.data.gov.hk/v2/transport/nlb/stop.php?action=list&routeId=71 "HTTP/1.1 200 OK"
23-Jun-24 19:08:31 | httpx - INFO - HTTP Request: GET https://rt.data.gov.hk/v2/transport/nlb/stop.php?action=list&routeId=89 "HTTP/1.1 200 OK"
23-Jun-24 19:08:31 | httpx - INFO - HTTP Request: GET https://rt.data.gov.hk/v2/transport/nlb/stop.php?action=list&routeId=18 "HTTP/1.1 200 OK"
23-Jun-24 19:08:32 | httpx - INFO - HTTP Request: GET https://rt.data.gov.hk/v2/transport/nlb/stop.php?action=list&routeId=10 "HTTP/1.1 200 OK"
23-Jun-24 19:08:32 | httpx - INFO - HTTP Request: GET https://rt.data.gov.hk/v2/transport/nlb/stop.php?action=list&routeId=92 "HTTP/1.1 200 OK"
23-Jun-24 19:08:32 | httpx - INFO - HTTP Request: GET https://rt.data.gov.hk/v2/transport/nlb/stop.php?action=list&routeId=38 "HTTP/1.1 200 OK"
23-Jun-24 19:08:32 | httpx - INFO - HTTP Request: GET https://rt.data.gov.hk/v2/transport/nlb/stop.php?action=list&routeId=87 "HTTP/1.1 200 OK"
23-Jun-24 19:08:32 | httpx - INFO - HTTP Request: GET https://rt.data.gov.hk/v2/transport/nlb/stop.php?action=list&routeId=91 "HTTP/1.1 200 OK"
23-Jun-24 19:08:32 | httpx - INFO - HTTP Request: GET https://rt.data.gov.hk/v2/transport/nlb/stop.php?action=list&routeId=24 "HTTP/1.1 200 OK"
23-Jun-24 19:08:32 | httpx - INFO - HTTP Request: GET https://rt.data.gov.hk/v2/transport/nlb/stop.php?action=list&routeId=72 "HTTP/1.1 200 OK"
23-Jun-24 19:08:32 | httpx - INFO - HTTP Request: GET https://rt.data.gov.hk/v2/transport/nlb/stop.php?action=list&routeId=96 "HTTP/1.1 200 OK"
23-Jun-24 19:08:32 | httpx - INFO - HTTP Request: GET https://rt.data.gov.hk/v2/transport/nlb/stop.php?action=list&routeId=95 "HTTP/1.1 200 OK"
23-Jun-24 19:08:32 | httpx - INFO - HTTP Request: GET https://rt.data.gov.hk/v2/transport/nlb/stop.php?action=list&routeId=75 "HTTP/1.1 502 Bad Gateway"
23-Jun-24 19:08:33 | root - ERROR - Other error occurred: Expecting value: line 1 column 1 (char 0)
23-Jun-24 19:08:33 | root - ERROR - Expecting value: line 1 column 1 (char 0)
Traceback (most recent call last):
  File "/home/runner/work/BusData/BusData/action/NLB_Route.py", line 116, in main
    nlbList += await asyncio.gather(*tasks)
               ^^^^^^^^^^^^^^^^^^^^^^^^^^^^
  File "/home/runner/work/BusData/BusData/action/NLB_Route.py", line 47, in getStopList
    stopListObject = stopListResponse.json()
                     ^^^^^^^^^^^^^^^^^^^^^^^
  File "/opt/hostedtoolcache/Python/3.11.9/x64/lib/python3.11/site-packages/httpx/_models.py", line 755, in json
    return jsonlib.loads(self.content.decode(encoding), **kwargs)
           ^^^^^^^^^^^^^^^^^^^^^^^^^^^^^^^^^^^^^^^^^^^^^^^^^^^^^^
  File "/opt/hostedtoolcache/Python/3.11.9/x64/lib/python3.11/json/__init__.py", line 346, in loads
    return _default_decoder.decode(s)
           ^^^^^^^^^^^^^^^^^^^^^^^^^^
  File "/opt/hostedtoolcache/Python/3.11.9/x64/lib/python3.11/json/decoder.py", line 337, in decode
    obj, end = self.raw_decode(s, idx=_w(s, 0).end())
               ^^^^^^^^^^^^^^^^^^^^^^^^^^^^^^^^^^^^^^
  File "/opt/hostedtoolcache/Python/3.11.9/x64/lib/python3.11/json/decoder.py", line 355, in raw_decode
    raise JSONDecodeError("Expecting value", s, err.value) from None
json.decoder.JSONDecodeError: Expecting value: line 1 column 1 (char 0)
